This is pdfTeX, Version 3.1415926-2.5-1.40.14 (TeX Live 2013) (format=pdflatex 2013.5.30)  5 MAY 2014 04:09
entering extended mode
 \write18 enabled.
 %&-line parsing enabled.
**sigproc-sp.tex
(./sigproc-sp.tex
LaTeX2e <2011/06/27>
Babel <3.9f> and hyphenation patterns for 78 languages loaded.
(./sig-alternate.cls
(/usr/local/texlive/2013/texmf-dist/tex/latex/graphics/epsfig.sty
Package: epsfig 1999/02/16 v1.7a (e)psfig emulation (SPQR)

(/usr/local/texlive/2013/texmf-dist/tex/latex/graphics/graphicx.sty
Package: graphicx 1999/02/16 v1.0f Enhanced LaTeX Graphics (DPC,SPQR)

(/usr/local/texlive/2013/texmf-dist/tex/latex/graphics/keyval.sty
Package: keyval 1999/03/16 v1.13 key=value parser (DPC)
\KV@toks@=\toks14
)
(/usr/local/texlive/2013/texmf-dist/tex/latex/graphics/graphics.sty
Package: graphics 2009/02/05 v1.0o Standard LaTeX Graphics (DPC,SPQR)

(/usr/local/texlive/2013/texmf-dist/tex/latex/graphics/trig.sty
Package: trig 1999/03/16 v1.09 sin cos tan (DPC)
)
(/usr/local/texlive/2013/texmf-dist/tex/latex/latexconfig/graphics.cfg
File: graphics.cfg 2010/04/23 v1.9 graphics configuration of TeX Live
)
Package graphics Info: Driver file: pdftex.def on input line 91.

(/usr/local/texlive/2013/texmf-dist/tex/latex/pdftex-def/pdftex.def
File: pdftex.def 2011/05/27 v0.06d Graphics/color for pdfTeX

(/usr/local/texlive/2013/texmf-dist/tex/generic/oberdiek/infwarerr.sty
Package: infwarerr 2010/04/08 v1.3 Providing info/warning/error messages (HO)
)
(/usr/local/texlive/2013/texmf-dist/tex/generic/oberdiek/ltxcmds.sty
Package: ltxcmds 2011/11/09 v1.22 LaTeX kernel commands for general use (HO)
)
\Gread@gobject=\count79
))
\Gin@req@height=\dimen102
\Gin@req@width=\dimen103
)
\epsfxsize=\dimen104
\epsfysize=\dimen105
)
(/usr/local/texlive/2013/texmf-dist/tex/latex/amsfonts/amssymb.sty
Package: amssymb 2013/01/14 v3.01 AMS font symbols

(/usr/local/texlive/2013/texmf-dist/tex/latex/amsfonts/amsfonts.sty
Package: amsfonts 2013/01/14 v3.01 Basic AMSFonts support
\@emptytoks=\toks15
\symAMSa=\mathgroup4
\symAMSb=\mathgroup5
LaTeX Font Info:    Overwriting math alphabet `\mathfrak' in version `bold'
(Font)                  U/euf/m/n --> U/euf/b/n on input line 106.
))
(/usr/local/texlive/2013/texmf-dist/tex/latex/amsmath/amsmath.sty
Package: amsmath 2013/01/14 v2.14 AMS math features
\@mathmargin=\skip41

For additional information on amsmath, use the `?' option.
(/usr/local/texlive/2013/texmf-dist/tex/latex/amsmath/amstext.sty
Package: amstext 2000/06/29 v2.01

(/usr/local/texlive/2013/texmf-dist/tex/latex/amsmath/amsgen.sty
File: amsgen.sty 1999/11/30 v2.0
\@emptytoks=\toks16
\ex@=\dimen106
))
(/usr/local/texlive/2013/texmf-dist/tex/latex/amsmath/amsbsy.sty
Package: amsbsy 1999/11/29 v1.2d
\pmbraise@=\dimen107
)
(/usr/local/texlive/2013/texmf-dist/tex/latex/amsmath/amsopn.sty
Package: amsopn 1999/12/14 v2.01 operator names
)
\inf@bad=\count80
LaTeX Info: Redefining \frac on input line 210.
\uproot@=\count81
\leftroot@=\count82
LaTeX Info: Redefining \overline on input line 306.
\classnum@=\count83
\DOTSCASE@=\count84
LaTeX Info: Redefining \ldots on input line 378.
LaTeX Info: Redefining \dots on input line 381.
LaTeX Info: Redefining \cdots on input line 466.
\Mathstrutbox@=\box26
\strutbox@=\box27
\big@size=\dimen108
LaTeX Font Info:    Redeclaring font encoding OML on input line 566.
LaTeX Font Info:    Redeclaring font encoding OMS on input line 567.
\macc@depth=\count85
\c@MaxMatrixCols=\count86
\dotsspace@=\muskip10
\c@parentequation=\count87
\dspbrk@lvl=\count88
\tag@help=\toks17
\row@=\count89
\column@=\count90
\maxfields@=\count91
\andhelp@=\toks18
\eqnshift@=\dimen109
\alignsep@=\dimen110
\tagshift@=\dimen111
\tagwidth@=\dimen112
\totwidth@=\dimen113
\lineht@=\dimen114
\@envbody=\toks19
\multlinegap=\skip42
\multlinetaggap=\skip43
\mathdisplay@stack=\toks20
LaTeX Info: Redefining \[ on input line 2665.
LaTeX Info: Redefining \] on input line 2666.
)
Document Class 'sig-alternate' <23rd. May '12>. Modified by G.K.M. Tobin/Gerry 
Murray
Based in part upon document Style `acmconf' <22 May 89>. Hacked 4/91 by
shivers@cs.cmu.edu, 4/93 by theobald@cs.mcgill.ca
Excerpts were taken from (Journal Style) 'esub2acm.cls'.
****** Bugs/comments/suggestions/technicalities to Gerry Murray -- murray@hq.ac
m.org ******
Questions on the style, SIGS policies, etc. to Adrienne Griscti griscti@acm.org

\footheight=\dimen115
\@maxsep=\dimen116
\@dblmaxsep=\dimen117
\aucount=\count92
\originalaucount=\count93
\auwidth=\dimen118
\auskip=\dimen119
\auskipcount=\count94
\auskip=\dimen120
\allauboxes=\dimen121
\addauthors=\toks21
\addauflag=\count95
\subtitletext=\toks22
\savesection=\count96
\sectioncntr=\count97
\c@figure=\count98
\c@table=\count99
\titleboxnotes=\toks23
\titleboxnoteflag=\count100
Document Class: sig-alternate 2012/05/23 - V2.5 - based on acmproc.cls V1.3 <No
v. 30 '99>
(/usr/local/texlive/2013/texmf-dist/tex/latex/base/latexsym.sty
Package: latexsym 1998/08/17 v2.2e Standard LaTeX package (lasy symbols)
\symlasy=\mathgroup6
LaTeX Font Info:    Overwriting symbol font `lasy' in version `bold'
(Font)                  U/lasy/m/n --> U/lasy/b/n on input line 47.
)
\@acmtitlebox=\box28
\titlenotecount=\count101
\tntoks=\toks24
\tntokstwo=\toks25
\tntoksthree=\toks26
\tntoksfour=\toks27
\tntoksfive=\toks28
\catcount=\count102
\copyrightnotice=\toks29
\conf=\toks30
\confinfo=\toks31
\c@part=\count103
\c@section=\count104
\c@subsection=\count105
\c@subsubsection=\count106
\c@paragraph=\count107

Using 'Abbrev' bibliography style
LaTeX Info: Redefining \cite on input line 1211.
\bibindent=\dimen122
\colcntr=\count108
\saveb@x=\box29
\copyrtyr=\toks32
\acmcopyr=\toks33
\boilerplate=\toks34
\copyrightetc=\toks35
(/usr/local/texlive/2013/texmf-dist/tex/latex/base/fontenc.sty
Package: fontenc 2005/09/27 v1.99g Standard LaTeX package

(/usr/local/texlive/2013/texmf-dist/tex/latex/base/t1enc.def
File: t1enc.def 2005/09/27 v1.99g Standard LaTeX file
LaTeX Font Info:    Redeclaring font encoding T1 on input line 43.
)
LaTeX Font Info:    Try loading font information for T1+aer on input line 100.

(/usr/local/texlive/2013/texmf-dist/tex/latex/ae/t1aer.fd
File: t1aer.fd 1997/11/16 Font definitions for T1/aer.
)))
(/usr/local/texlive/2013/texmf-dist/tex/latex/pdfpages/pdfpages.sty
Package: pdfpages 2012/08/31 v0.4t Insert pages of external PDF documents (AM)

(/usr/local/texlive/2013/texmf-dist/tex/latex/base/ifthen.sty
Package: ifthen 2001/05/26 v1.1c Standard LaTeX ifthen package (DPC)
)
(/usr/local/texlive/2013/texmf-dist/tex/latex/tools/calc.sty
Package: calc 2007/08/22 v4.3 Infix arithmetic (KKT,FJ)
\calc@Acount=\count109
\calc@Bcount=\count110
\calc@Adimen=\dimen123
\calc@Bdimen=\dimen124
\calc@Askip=\skip44
\calc@Bskip=\skip45
LaTeX Info: Redefining \setlength on input line 76.
LaTeX Info: Redefining \addtolength on input line 77.
\calc@Ccount=\count111
\calc@Cskip=\skip46
)
(/usr/local/texlive/2013/texmf-dist/tex/latex/eso-pic/eso-pic.sty
Package: eso-pic 2010/10/06 v2.0c eso-pic (RN)

(/usr/local/texlive/2013/texmf-dist/tex/generic/oberdiek/atbegshi.sty
Package: atbegshi 2011/10/05 v1.16 At begin shipout hook (HO)

(/usr/local/texlive/2013/texmf-dist/tex/generic/oberdiek/ifpdf.sty
Package: ifpdf 2011/01/30 v2.3 Provides the ifpdf switch (HO)
Package ifpdf Info: pdfTeX in PDF mode is detected.
))
(/usr/local/texlive/2013/texmf-dist/tex/latex/xcolor/xcolor.sty
Package: xcolor 2007/01/21 v2.11 LaTeX color extensions (UK)

(/usr/local/texlive/2013/texmf-dist/tex/latex/latexconfig/color.cfg
File: color.cfg 2007/01/18 v1.5 color configuration of teTeX/TeXLive
)
Package xcolor Info: Driver file: pdftex.def on input line 225.
Package xcolor Info: Model `cmy' substituted by `cmy0' on input line 1337.
Package xcolor Info: Model `hsb' substituted by `rgb' on input line 1341.
Package xcolor Info: Model `RGB' extended on input line 1353.
Package xcolor Info: Model `HTML' substituted by `rgb' on input line 1355.
Package xcolor Info: Model `Hsb' substituted by `hsb' on input line 1356.
Package xcolor Info: Model `tHsb' substituted by `hsb' on input line 1357.
Package xcolor Info: Model `HSB' substituted by `hsb' on input line 1358.
Package xcolor Info: Model `Gray' substituted by `gray' on input line 1359.
Package xcolor Info: Model `wave' substituted by `hsb' on input line 1360.
))
(/usr/local/texlive/2013/texmf-dist/tex/latex/pdfpages/pppdftex.def
File: pppdftex.def 2012/08/31 v0.4t Pdfpages driver for pdfTeX (AM)
)
\AM@pagebox=\box30
\AM@toc@title=\toks36
\c@AM@survey=\count112
\AM@templatesizebox=\box31
)
(/usr/local/texlive/2013/texmf-dist/tex/latex/base/alltt.sty
Package: alltt 1997/06/16 v2.0g defines alltt environment
)
(/usr/local/texlive/2013/texmf-dist/tex/latex/oberdiek/epstopdf.sty
Package: epstopdf 2010/02/09 v2.5 Conversion with epstopdf on the fly (HO)

(/usr/local/texlive/2013/texmf-dist/tex/latex/oberdiek/epstopdf-base.sty
Package: epstopdf-base 2010/02/09 v2.5 Base part for package epstopdf

(/usr/local/texlive/2013/texmf-dist/tex/latex/oberdiek/grfext.sty
Package: grfext 2010/08/19 v1.1 Manage graphics extensions (HO)

(/usr/local/texlive/2013/texmf-dist/tex/generic/oberdiek/kvdefinekeys.sty
Package: kvdefinekeys 2011/04/07 v1.3 Define keys (HO)
))
(/usr/local/texlive/2013/texmf-dist/tex/latex/oberdiek/kvoptions.sty
Package: kvoptions 2011/06/30 v3.11 Key value format for package options (HO)

(/usr/local/texlive/2013/texmf-dist/tex/generic/oberdiek/kvsetkeys.sty
Package: kvsetkeys 2012/04/25 v1.16 Key value parser (HO)

(/usr/local/texlive/2013/texmf-dist/tex/generic/oberdiek/etexcmds.sty
Package: etexcmds 2011/02/16 v1.5 Avoid name clashes with e-TeX commands (HO)

(/usr/local/texlive/2013/texmf-dist/tex/generic/oberdiek/ifluatex.sty
Package: ifluatex 2010/03/01 v1.3 Provides the ifluatex switch (HO)
Package ifluatex Info: LuaTeX not detected.
)
Package etexcmds Info: Could not find \expanded.
(etexcmds)             That can mean that you are not using pdfTeX 1.50 or
(etexcmds)             that some package has redefined \expanded.
(etexcmds)             In the latter case, load this package earlier.
)))
(/usr/local/texlive/2013/texmf-dist/tex/generic/oberdiek/pdftexcmds.sty
Package: pdftexcmds 2011/11/29 v0.20 Utility functions of pdfTeX for LuaTeX (HO
)
Package pdftexcmds Info: LuaTeX not detected.
Package pdftexcmds Info: \pdf@primitive is available.
Package pdftexcmds Info: \pdf@ifprimitive is available.
Package pdftexcmds Info: \pdfdraftmode found.
)
Package grfext Info: Graphics extension search list:
(grfext)             [.png,.pdf,.jpg,.mps,.jpeg,.jbig2,.jb2,.PNG,.PDF,.JPG,.JPE
G,.JBIG2,.JB2,.eps]
(grfext)             \AppendGraphicsExtensions on input line 452.

(/usr/local/texlive/2013/texmf-dist/tex/latex/latexconfig/epstopdf-sys.cfg
File: epstopdf-sys.cfg 2010/07/13 v1.3 Configuration of (r)epstopdf for TeX Liv
e
)))
(/usr/local/texlive/2013/texmf-dist/tex/latex/tools/xspace.sty
Package: xspace 2009/10/20 v1.13 Space after command names (DPC,MH)
)
(/usr/local/texlive/2013/texmf-dist/tex/latex/colortbl/colortbl.sty
Package: colortbl 2012/02/13 v1.0a Color table columns (DPC)

(/usr/local/texlive/2013/texmf-dist/tex/latex/tools/array.sty
Package: array 2008/09/09 v2.4c Tabular extension package (FMi)
\col@sep=\dimen125
\extrarowheight=\dimen126
\NC@list=\toks37
\extratabsurround=\skip47
\backup@length=\skip48
)
\everycr=\toks38
\minrowclearance=\skip49
)
(/usr/local/texlive/2013/texmf-dist/tex/generic/babel/babel.sty
Package: babel 2013/05/16 v3.9f The Babel package

(/usr/local/texlive/2013/texmf-dist/tex/generic/babel-english/english.ldf
Language: english 2012/08/20 v3.3p English support from the babel system

(/usr/local/texlive/2013/texmf-dist/tex/generic/babel/babel.def
File: babel.def 2013/05/16 v3.9f Babel common definitions
\babel@savecnt=\count113
\U@D=\dimen127
)
\l@canadian = a dialect from \language\l@american 
\l@australian = a dialect from \language\l@british 
\l@newzealand = a dialect from \language\l@british 
))
(/usr/local/texlive/2013/texmf-dist/tex/latex/multirow/multirow.sty
\bigstrutjot=\dimen128
)
(/usr/local/texlive/2013/texmf-dist/tex/latex/url/url.sty
\Urlmuskip=\muskip11
Package: url 2006/04/12  ver 3.3  Verb mode for urls, etc.
)
(/usr/local/texlive/2013/texmf-dist/tex/latex/subfigure/subfigure.sty
Package: subfigure 2002/03/15 v2.1.5 subfigure package
\subfigtopskip=\skip50
\subfigcapskip=\skip51
\subfigcaptopadj=\dimen129
\subfigbottomskip=\skip52
\subfigcapmargin=\dimen130
\subfiglabelskip=\skip53
\c@subfigure=\count114
\c@lofdepth=\count115
\c@subtable=\count116
\c@lotdepth=\count117

****************************************
* Local config file subfigure.cfg used *
****************************************
(/usr/local/texlive/2013/texmf-dist/tex/latex/subfigure/subfigure.cfg)
\subfig@top=\skip54
\subfig@bottom=\skip55
)
(/usr/local/texlive/2013/texmf-dist/tex/latex/fmtcount/fmtcount.sty
Package: fmtcount 2012/10/24 v2.02

(/usr/local/texlive/2013/texmf-dist/tex/latex/etoolbox/etoolbox.sty
Package: etoolbox 2011/01/03 v2.1 e-TeX tools for LaTeX

(/usr/local/texlive/2013/texmf-dist/tex/latex/etex-pkg/etex.sty
Package: etex 1998/03/26 v2.0 eTeX basic definition package (PEB)
\et@xins=\count118
)
\etb@tempcnta=\count119
)
(/usr/local/texlive/2013/texmf-dist/tex/latex/fmtcount/fcprefix.sty
Package: fcprefix 2012/09/28

(/usr/local/texlive/2013/texmf-dist/tex/latex/fmtcount/fcnumparser.sty
Package: fcnumparser 2012/09/28
\fc@digit@counter=\count120
))
\c@padzeroesN=\count121
\fc@tmpcatcode=\count122

(/usr/local/texlive/2013/texmf-dist/tex/latex/fmtcount/fc-english.def
File: fc-english.def 2012/06/18
)
\@DT@modctr=\count123
\@ordinalctr=\count124
\@orgargctr=\count125
\@strctr=\count126
\@tmpstrctr=\count127
\@DT@loopN=\count128
\@DT@X=\count129
)
(/usr/local/texlive/2013/texmf-dist/tex/latex/amsfonts/eucal.sty
Package: eucal 2009/06/22 v3.00 Euler Script fonts
LaTeX Font Info:    Overwriting math alphabet `\EuScript' in version `bold'
(Font)                  U/eus/m/n --> U/eus/b/n on input line 33.
)
(/usr/local/texlive/2013/texmf-dist/tex/latex/tools/bm.sty
Package: bm 2004/02/26 v1.1c Bold Symbol Support (DPC/FMi)
\symboldoperators=\mathgroup7
\symboldletters=\mathgroup8
\symboldsymbols=\mathgroup9
\symboldlasy=\mathgroup10
LaTeX Font Info:    Redeclaring math alphabet \mathbf on input line 138.
LaTeX Info: Redefining \bm on input line 204.
)
(/usr/local/texlive/2013/texmf-dist/tex/latex/cite/cite.sty
LaTeX Info: Redefining \cite on input line 302.
LaTeX Info: Redefining \nocite on input line 373.
Package: cite 2010/09/10  v 5.3
)
(/usr/local/texlive/2013/texmf-dist/tex/latex/algorithm2e/algorithm2e.sty
Package: algorithm2e 2013/01/06 v5.00 algorithms environments
\c@AlgoLine=\count130

(/usr/local/texlive/2013/texmf-dist/tex/latex/relsize/relsize.sty
Package: relsize 2013/03/29 ver 4.1
)
********************************************************
Package `algorithm2e' Release 5.0 -- january 06 2013 --
- algorithm2e-announce@lirmm.fr mailing list for announcement about releases
- algorithm2e-discussion@lirmm.fr mailing list for discussion about package
subscribe by emailing sympa@lirmm.fr with 'subscribe <list> <firstname name>'
- Author: Christophe Fiorio (cfiorio@um2.fr)
********************************************************
\skiptotal=\skip56
\skiplinenumber=\skip57
\skiprule=\skip58
\skiphlne=\skip59
\skiptext=\skip60
\skiplength=\skip61
\algomargin=\skip62
\skipalgocfslide=\skip63
\algowidth=\dimen131
\inoutsize=\dimen132
\inoutindent=\dimen133
\interspacetitleruled=\dimen134
\interspacealgoruled=\dimen135
\interspacetitleboxruled=\dimen136
\algocf@inoutbox=\box32
\algocf@inputbox=\box33
\AlCapSkip=\skip64
\AlCapHSkip=\skip65
\algoskipindent=\skip66
\algocf@nlbox=\box34
\algocf@hangingbox=\box35
\algocf@untilbox=\box36
\algocf@skipuntil=\skip67
\algocf@capbox=\box37
\algoheightruledefault=\skip68
\algoheightrule=\skip69
\algotitleheightruledefault=\skip70
\algotitleheightrule=\skip71
\c@algocfline=\count131
\c@algocfproc=\count132
\c@algocf=\count133
\algocf@algoframe=\box38
\algocf@algobox=\box39
) (/usr/local/texlive/2013/texmf-dist/tex/latex/caption/caption.sty
Package: caption 2013/05/02 v3.3-89 Customizing captions (AR)

(/usr/local/texlive/2013/texmf-dist/tex/latex/caption/caption3.sty
Package: caption3 2013/05/02 v1.6-88 caption3 kernel (AR)
Package caption3 Info: TeX engine: e-TeX on input line 57.
\captionmargin=\dimen137
\captionmargin@=\dimen138
\captionwidth=\dimen139
\caption@tempdima=\dimen140
\caption@indent=\dimen141
\caption@parindent=\dimen142
\caption@hangindent=\dimen143
\abovecaptionskip=\skip72
\belowcaptionskip=\skip73
Package caption Info: Unknown document class (or package),
(caption)             standard defaults will be used.
)

Package caption Warning: Unsupported document class (or package) detected,
(caption)                usage of the caption package is not recommended.
See the caption package documentation for explanation.

Package caption Info: \@makecaption = \long macro:#1#2-> \vskip 10pt \setbox \@
tempboxa \hbox {\textbf {#1: #2}} \ifdim \wd \@tempboxa >\hsize \textbf {#1: #2
}\par \else \hbox to\hsize {\hfil \box \@tempboxa \hfil } \fi .
\c@ContinuedFloat=\count134
Package caption Info: subfigure package is loaded.
) (./sigproc-sp.aux)
\openout1 = `sigproc-sp.aux'.

LaTeX Font Info:    Checking defaults for OML/cmm/m/it on input line 64.
LaTeX Font Info:    ... okay on input line 64.
LaTeX Font Info:    Checking defaults for T1/cmr/m/n on input line 64.
LaTeX Font Info:    ... okay on input line 64.
LaTeX Font Info:    Checking defaults for OT1/cmr/m/n on input line 64.
LaTeX Font Info:    ... okay on input line 64.
LaTeX Font Info:    Checking defaults for OMS/cmsy/m/n on input line 64.
LaTeX Font Info:    ... okay on input line 64.
LaTeX Font Info:    Checking defaults for OMX/cmex/m/n on input line 64.
LaTeX Font Info:    ... okay on input line 64.
LaTeX Font Info:    Checking defaults for U/cmr/m/n on input line 64.
LaTeX Font Info:    ... okay on input line 64.

(/usr/local/texlive/2013/texmf-dist/tex/context/base/supp-pdf.mkii
[Loading MPS to PDF converter (version 2006.09.02).]
\scratchcounter=\count135
\scratchdimen=\dimen144
\scratchbox=\box40
\nofMPsegments=\count136
\nofMParguments=\count137
\everyMPshowfont=\toks39
\MPscratchCnt=\count138
\MPscratchDim=\dimen145
\MPnumerator=\count139
\makeMPintoPDFobject=\count140
\everyMPtoPDFconversion=\toks40
)
\AtBeginShipoutBox=\box41
Package caption Info: Begin \AtBeginDocument code.
Package caption Info: End \AtBeginDocument code.
LaTeX Font Info:    Try loading font information for U+msa on input line 109.
 (/usr/local/texlive/2013/texmf-dist/tex/latex/amsfonts/umsa.fd
File: umsa.fd 2013/01/14 v3.01 AMS symbols A
)
LaTeX Font Info:    Try loading font information for U+msb on input line 109.

(/usr/local/texlive/2013/texmf-dist/tex/latex/amsfonts/umsb.fd
File: umsb.fd 2013/01/14 v3.01 AMS symbols B
)
LaTeX Font Info:    Try loading font information for U+lasy on input line 109.

(/usr/local/texlive/2013/texmf-dist/tex/latex/base/ulasy.fd
File: ulasy.fd 1998/08/17 v2.2e LaTeX symbol font definitions
)
LaTeX Font Info:    Font shape `U/lasy/b/n' in size <9> not available
(Font)              Font shape `U/lasy/m/n' tried instead on input line 109.
LaTeX Font Info:    Font shape `U/lasy/b/n' in size <6> not available
(Font)              Font shape `U/lasy/m/n' tried instead on input line 109.
LaTeX Font Info:    Font shape `U/lasy/b/n' in size <5> not available
(Font)              Font shape `U/lasy/m/n' tried instead on input line 109.


LaTeX Warning: No \author given.

(./introduction.tex <../plots/intro.png, id=1, 583.17876pt x 297.11pt>
File: ../plots/intro.png Graphic file (type png)

<use ../plots/intro.png>
Package pdftex.def Info: ../plots/intro.png used on input line 10.
(pdftex.def)             Requested size: 174.95497pt x 89.13368pt.

Underfull \vbox (badness 2486) has occurred while \output is active []

 [1{/usr/local/texlive/2013/texmf-var/fonts/map/pdftex/updmap/pdftex.map}


Non-PDF special ignored!

 <../plots/intro.png>]) (./related_work.tex)
(./crc_description.tex
<../plots/grading-desc-1.png, id=14, 391.7034pt x 197.0562pt>
File: ../plots/grading-desc-1.png Graphic file (type png)

<use ../plots/grading-desc-1.png>
Package pdftex.def Info: ../plots/grading-desc-1.png used on input line 13.
(pdftex.def)             Requested size: 240.0pt x 120.74232pt.
 [2 <../plots/grading-desc-1.png>])
(./significance_model.tex
Overfull \hbox (1.22816pt too wide) in paragraph at lines 2--9
[]\T1/aer/m/n/9 In this sec-tion, we test \T1/aer/bx/n/9 Hy-poth-e-sis 1\T1/aer
/m/n/9 , by an-a-lyz-ing spread
 []


Overfull \hbox (23.538pt too wide) in paragraph at lines 44--47
\T1/aer/m/n/9 are the same size as $\OML/cmm/m/it/9 X[]$\T1/aer/m/n/9 . Un-der 
this null hy-poth-e-sis $\OML/cmm/m/it/9 median\OT1/cmr/m/n/9 (\OML/cmm/m/it/9 
X[]\OT1/cmr/m/n/9 ) =
 []

[3]) (./path_model.tex
Underfull \vbox (badness 1314) has occurred while \output is active []

)
(./change_model.tex
Overfull \hbox (2.76103pt too wide) in paragraph at lines 8--12
\T1/aer/m/n/9 when they pos-i-tively treated posts with higher up-vote counts
 []

[4]) (./results.tex
Underfull \hbox (badness 10000) in paragraph at lines 2--5

 []

LaTeX Font Info:    Font shape `U/lasy/b/n' in size <7> not available
(Font)              Font shape `U/lasy/m/n' tried instead on input line 7.
Package epstopdf Info: Source file: <../plots/change-1.eps>
(epstopdf)                    date: 2014-05-05 02:52:11
(epstopdf)                    size: 9588 bytes
(epstopdf)             Output file: <../plots/change-1-eps-converted-to.pdf>
(epstopdf)                    date: 2014-05-05 02:52:53
(epstopdf)                    size: 6988 bytes
(epstopdf)             Command: <epstopdf --outfile=../plots/change-1-eps-conve
rted-to.pdf ../plots/change-1.eps>
(epstopdf)             \includegraphics on input line 52.
Package epstopdf Info: Output file is already uptodate.
<../plots/change-1-eps-converted-to.pdf, id=33, 1139.25626pt x 326.21875pt>
File: ../plots/change-1-eps-converted-to.pdf Graphic file (type pdf)

<use ../plots/change-1-eps-converted-to.pdf>
Package pdftex.def Info: ../plots/change-1-eps-converted-to.pdf used on input l
ine 52.
(pdftex.def)             Requested size: 284.81337pt x 81.55447pt.
Package epstopdf Info: Source file: <../plots/change-2.eps>
(epstopdf)                    date: 2014-05-05 02:52:26
(epstopdf)                    size: 10731 bytes
(epstopdf)             Output file: <../plots/change-2-eps-converted-to.pdf>
(epstopdf)                    date: 2014-05-05 02:52:53
(epstopdf)                    size: 7988 bytes
(epstopdf)             Command: <epstopdf --outfile=../plots/change-2-eps-conve
rted-to.pdf ../plots/change-2.eps>
(epstopdf)             \includegraphics on input line 54.
Package epstopdf Info: Output file is already uptodate.

<../plots/change-2-eps-converted-to.pdf, id=34, 1139.25626pt x 326.21875pt>
File: ../plots/change-2-eps-converted-to.pdf Graphic file (type pdf)

<use ../plots/change-2-eps-converted-to.pdf>
Package pdftex.def Info: ../plots/change-2-eps-converted-to.pdf used on input l
ine 54.
(pdftex.def)             Requested size: 284.81337pt x 81.55447pt.

Overfull \hbox (28.37955pt too wide) in paragraph at lines 51--55
[]|  []
 []


Overfull \hbox (28.37955pt too wide) in paragraph at lines 51--55
|  [] 
 []

Package epstopdf Info: Source file: <../plots/abs-deviations-1.eps>
(epstopdf)                    date: 2014-05-02 15:06:11
(epstopdf)                    size: 10965 bytes
(epstopdf)             Output file: <../plots/abs-deviations-1-eps-converted-to
.pdf>
(epstopdf)                    date: 2014-05-02 15:06:23
(epstopdf)                    size: 7885 bytes
(epstopdf)             Command: <epstopdf --outfile=../plots/abs-deviations-1-e
ps-converted-to.pdf ../plots/abs-deviations-1.eps>
(epstopdf)             \includegraphics on input line 67.
Package epstopdf Info: Output file is already uptodate.

<../plots/abs-deviations-1-eps-converted-to.pdf, id=35, 1004.75375pt x 448.6762
5pt>
File: ../plots/abs-deviations-1-eps-converted-to.pdf Graphic file (type pdf)
 <use ../plots/abs-deviations-1-eps-converted-to.pdf>
Package pdftex.def Info: ../plots/abs-deviations-1-eps-converted-to.pdf used on
 input line 67.
(pdftex.def)             Requested size: 271.28714pt x 121.1442pt.

Overfull \hbox (14.85332pt too wide) in paragraph at lines 66--68
[]  [] 
 []


Underfull \vbox (badness 10000) has occurred while \output is active []

 [5 <../plots/change-1-eps-converted-to.pdf> <../plots/change-2-eps-converted-t
o.pdf> <../plots/abs-deviations-1-eps-converted-to.pdf>]
Package epstopdf Info: Source file: <../plots/bias-2.eps>
(epstopdf)                    date: 2014-05-02 14:58:46
(epstopdf)                    size: 10878 bytes
(epstopdf)             Output file: <../plots/bias-2-eps-converted-to.pdf>
(epstopdf)                    date: 2014-05-02 14:58:58
(epstopdf)                    size: 7924 bytes
(epstopdf)             Command: <epstopdf --outfile=../plots/bias-2-eps-convert
ed-to.pdf ../plots/bias-2.eps>
(epstopdf)             \includegraphics on input line 101.
Package epstopdf Info: Output file is already uptodate.

<../plots/bias-2-eps-converted-to.pdf, id=56, 1021.8175pt x 448.67625pt>
File: ../plots/bias-2-eps-converted-to.pdf Graphic file (type pdf)

<use ../plots/bias-2-eps-converted-to.pdf>
Package pdftex.def Info: ../plots/bias-2-eps-converted-to.pdf used on input lin
e 101.
(pdftex.def)             Requested size: 275.89441pt x 121.1442pt.

Overfull \hbox (13.9148pt too wide) in paragraph at lines 100--102
[]  [] 
 []

Package epstopdf Info: Source file: <../plots/shift-parameter.eps>
(epstopdf)                    date: 2014-05-02 14:48:16
(epstopdf)                    size: 8863 bytes
(epstopdf)             Output file: <../plots/shift-parameter-eps-converted-to.
pdf>
(epstopdf)                    date: 2014-05-02 14:48:19
(epstopdf)                    size: 6985 bytes
(epstopdf)             Command: <epstopdf --outfile=../plots/shift-parameter-ep
s-converted-to.pdf ../plots/shift-parameter.eps>
(epstopdf)             \includegraphics on input line 137.
Package epstopdf Info: Output file is already uptodate.

<../plots/shift-parameter-eps-converted-to.pdf, id=57, 1041.8925pt x 447.6725pt
>
File: ../plots/shift-parameter-eps-converted-to.pdf Graphic file (type pdf)
 <use ../plots/shift-parameter-eps-converted-to.pdf>
Package pdftex.def Info: ../plots/shift-parameter-eps-converted-to.pdf used on 
input line 137.
(pdftex.def)             Requested size: 260.47249pt x 111.91785pt.
Package epstopdf Info: Source file: <../plots/path-dependence.eps>
(epstopdf)                    date: 2014-05-02 14:52:15
(epstopdf)                    size: 10574 bytes
(epstopdf)             Output file: <../plots/path-dependence-eps-converted-to.
pdf>
(epstopdf)                    date: 2014-05-02 14:52:17
(epstopdf)                    size: 7316 bytes
(epstopdf)             Command: <epstopdf --outfile=../plots/path-dependence-ep
s-converted-to.pdf ../plots/path-dependence.eps>
(epstopdf)             \includegraphics on input line 168.
Package epstopdf Info: Output file is already uptodate.

<../plots/path-dependence-eps-converted-to.pdf, id=58, 969.6225pt x 447.6725pt>
File: ../plots/path-dependence-eps-converted-to.pdf Graphic file (type pdf)
<use ../plots/path-dependence-eps-converted-to.pdf>
Package pdftex.def Info: ../plots/path-dependence-eps-converted-to.pdf used on 
input line 168.
(pdftex.def)             Requested size: 261.80157pt x 120.87318pt.

Overfull \hbox (5.36775pt too wide) in paragraph at lines 167--169
[]  [] 
 []

[6 <../plots/bias-2-eps-converted-to.pdf> <../plots/shift-parameter-eps-convert
ed-to.pdf>]
Package epstopdf Info: Source file: <../plots/BIC-optimization.eps>
(epstopdf)                    date: 2014-04-30 22:53:33
(epstopdf)                    size: 148065 bytes
(epstopdf)             Output file: <../plots/BIC-optimization-eps-converted-to
.pdf>
(epstopdf)                    date: 2014-04-30 22:53:51
(epstopdf)                    size: 55398 bytes
(epstopdf)             Command: <epstopdf --outfile=../plots/BIC-optimization-e
ps-converted-to.pdf ../plots/BIC-optimization.eps>
(epstopdf)             \includegraphics on input line 177.
Package epstopdf Info: Output file is already uptodate.

<../plots/BIC-optimization-eps-converted-to.pdf, id=73, 1748.5325pt x 393.47pt>
File: ../plots/BIC-optimization-eps-converted-to.pdf Graphic file (type pdf)
<use ../plots/BIC-optimization-eps-converted-to.pdf>
Package pdftex.def Info: ../plots/BIC-optimization-eps-converted-to.pdf used on
 input line 177.
(pdftex.def)             Requested size: 629.47122pt x 141.64908pt.

Overfull \hbox (62.82288pt too wide) in paragraph at lines 176--178
[]  [] 
 []

Package epstopdf Info: Source file: <../plots/prediction-error.eps>
(epstopdf)                    date: 2014-05-02 18:45:11
(epstopdf)                    size: 8936 bytes
(epstopdf)             Output file: <../plots/prediction-error-eps-converted-to
.pdf>
(epstopdf)                    date: 2014-05-02 18:52:42
(epstopdf)                    size: 7386 bytes
(epstopdf)             Command: <epstopdf --outfile=../plots/prediction-error-e
ps-converted-to.pdf ../plots/prediction-error.eps>
(epstopdf)             \includegraphics on input line 205.
Package epstopdf Info: Output file is already uptodate.

<../plots/prediction-error-eps-converted-to.pdf, id=74, 1040.88875pt x 399.4925
pt>
File: ../plots/prediction-error-eps-converted-to.pdf Graphic file (type pdf)
 <use ../plots/prediction-error-eps-converted-to.pdf>
Package pdftex.def Info: ../plots/prediction-error-eps-converted-to.pdf used on
 input line 205.
(pdftex.def)             Requested size: 260.22154pt x 99.87288pt.
Package epstopdf Info: Source file: <../plots/shit-2.eps>
(epstopdf)                    date: 2014-05-05 02:04:40
(epstopdf)                    size: 10718 bytes
(epstopdf)             Output file: <../plots/shit-2-eps-converted-to.pdf>
(epstopdf)                    date: 2014-05-05 02:08:46
(epstopdf)                    size: 8356 bytes
(epstopdf)             Command: <epstopdf --outfile=../plots/shit-2-eps-convert
ed-to.pdf ../plots/shit-2.eps>
(epstopdf)             \includegraphics on input line 207.
Package epstopdf Info: Output file is already uptodate.

<../plots/shit-2-eps-converted-to.pdf, id=75, 1077.02374pt x 475.7775pt>
File: ../plots/shit-2-eps-converted-to.pdf Graphic file (type pdf)

<use ../plots/shit-2-eps-converted-to.pdf>
Package pdftex.def Info: ../plots/shit-2-eps-converted-to.pdf used on input lin
e 207.
(pdftex.def)             Requested size: 258.49098pt x 114.18892pt.

Overfull \hbox (3.78772pt too wide) in paragraph at lines 204--208
[]|  []
 []


Overfull \hbox (2.05716pt too wide) in paragraph at lines 204--208
|  [] 
 []

) (./conclusion.tex [7 <../plots/path-dependence-eps-converted-to.pdf> <../plot
s/prediction-error-eps-converted-to.pdf> <../plots/shit-2-eps-converted-to.pdf>
]) (./sigproc-sp.bbl) [8 <../plots/BIC-optimization-eps-converted-to.pdf>]
(./sigproc-sp.aux) ) 
Here is how much of TeX's memory you used:
 8116 strings out of 493315
 115384 string characters out of 6137904
 233763 words of memory out of 5000000
 11324 multiletter control sequences out of 15000+600000
 65708 words of font info for 98 fonts, out of 8000000 for 9000
 957 hyphenation exceptions out of 8191
 42i,10n,39p,822b,323s stack positions out of 5000i,500n,10000p,200000b,80000s
{/usr/local/texlive/2013/texmf-dist/fonts/enc/dvips/base/8r
.enc}</usr/local/texlive/2013/texmf-dist/fonts/type1/public/amsfonts/cm/cmbx7.p
fb></usr/local/texlive/2013/texmf-dist/fonts/type1/public/amsfonts/cm/cmbx9.pfb
></usr/local/texlive/2013/texmf-dist/fonts/type1/public/amsfonts/cmextra/cmex9.
pfb></usr/local/texlive/2013/texmf-dist/fonts/type1/public/amsfonts/cm/cmmi5.pf
b></usr/local/texlive/2013/texmf-dist/fonts/type1/public/amsfonts/cm/cmmi6.pfb>
</usr/local/texlive/2013/texmf-dist/fonts/type1/public/amsfonts/cm/cmmi7.pfb></
usr/local/texlive/2013/texmf-dist/fonts/type1/public/amsfonts/cm/cmmi9.pfb></us
r/local/texlive/2013/texmf-dist/fonts/type1/public/amsfonts/cm/cmr6.pfb></usr/l
ocal/texlive/2013/texmf-dist/fonts/type1/public/amsfonts/cm/cmr7.pfb></usr/loca
l/texlive/2013/texmf-dist/fonts/type1/public/amsfonts/cm/cmr9.pfb></usr/local/t
exlive/2013/texmf-dist/fonts/type1/public/amsfonts/cm/cmsy6.pfb></usr/local/tex
live/2013/texmf-dist/fonts/type1/public/amsfonts/cm/cmsy9.pfb></usr/local/texli
ve/2013/texmf-dist/fonts/type1/public/amsfonts/cm/cmti7.pfb></usr/local/texlive
/2013/texmf-dist/fonts/type1/public/amsfonts/cm/cmti9.pfb></usr/local/texlive/2
013/texmf-dist/fonts/type1/public/amsfonts/symbols/msbm10.pfb></usr/local/texli
ve/2013/texmf-dist/fonts/type1/urw/helvetic/uhvb8a.pfb></usr/local/texlive/2013
/texmf-dist/fonts/type1/urw/times/utmb8a.pfb>
Output written on sigproc-sp.pdf (8 pages, 521650 bytes).
PDF statistics:
 166 PDF objects out of 1000 (max. 8388607)
 114 compressed objects within 2 object streams
 0 named destinations out of 1000 (max. 500000)
 56 words of extra memory for PDF output out of 10000 (max. 10000000)

